#
# There is insufficient memory for the Java Runtime Environment to continue.
# Native memory allocation (malloc) failed to allocate 389936 bytes for Chunk::new
# Possible reasons:
#   The system is out of physical RAM or swap space
#   In 32 bit mode, the process size limit was hit
# Possible solutions:
#   Reduce memory load on the system
#   Increase physical memory or swap space
#   Check if swap backing store is full
#   Use 64 bit Java on a 64 bit OS
#   Decrease Java heap size (-Xmx/-Xms)
#   Decrease number of Java threads
#   Decrease Java thread stack sizes (-Xss)
#   Set larger code cache with -XX:ReservedCodeCacheSize=
# This output file may be truncated or incomplete.
#
#  Out of Memory Error (allocation.cpp:390), pid=14160, tid=0x0000000000000478
#
# JRE version: OpenJDK Runtime Environment (8.0_152-b06) (build 1.8.0_152-release-1136-b06)
# Java VM: OpenJDK 64-Bit Server VM (25.152-b06 mixed mode windows-amd64 compressed oops)
# Failed to write core dump. Minidumps are not enabled by default on client versions of Windows
#

---------------  T H R E A D  ---------------

Current thread (0x00000000075ad000):  JavaThread "C2 CompilerThread2" daemon [_thread_in_native, id=1144, stack(0x00000000599c0000,0x0000000059ac0000)]

Stack: [0x00000000599c0000,0x0000000059ac0000]
[error occurred during error reporting (printing stack bounds), id 0xc0000005]

Native frames: (J=compiled Java code, j=interpreted, Vv=VM code, C=native code)


Current CompileTask:
C2:   9774 3443       4       java.io.WinNTFileSystem::normalize (143 bytes)


---------------  P R O C E S S  ---------------

Java Threads: ( => current thread )
  0x000000005d76f000 JavaThread "Cache worker for Artifact transforms cache (C:\Users\Ah\.gradle\caches\transforms-1)" [_thread_blocked, id=16624, stack(0x0000000061830000,0x0000000061930000)]
  0x000000005d1d4800 JavaThread "Cache worker for file hash cache (C:\Users\Ah\AndroidStudioProjects\AndroidLabs\.gradle\4.6\fileHashes)" [_thread_blocked, id=15912, stack(0x000000005ddb0000,0x000000005deb0000)]
  0x000000005b0d9000 JavaThread "File lock request listener" [_thread_in_native, id=16428, stack(0x000000005cb60000,0x000000005cc60000)]
  0x000000005b29b800 JavaThread "Cache worker for file hash cache (C:\Users\Ah\.gradle\caches\4.6\fileHashes)" [_thread_blocked, id=6928, stack(0x000000005ccb0000,0x000000005cdb0000)]
  0x000000005b003000 JavaThread "Stdin handler" [_thread_blocked, id=6536, stack(0x000000005c7f0000,0x000000005c8f0000)]
  0x000000005b000800 JavaThread "Asynchronous log dispatcher for DefaultDaemonConnection: socket connection from /127.0.0.1:51130 to /127.0.0.1:51131" [_thread_blocked, id=13208, stack(0x000000005c5e0000,0x000000005c6e0000)]
  0x000000005af24000 JavaThread "Daemon worker" [_thread_blocked, id=17908, stack(0x000000005c420000,0x000000005c520000)]
  0x000000005af38000 JavaThread "Cancel handler" [_thread_blocked, id=14420, stack(0x000000005bdb0000,0x000000005beb0000)]
  0x00000000581c5000 JavaThread "Handler for socket connection from /127.0.0.1:51130 to /127.0.0.1:51131" [_thread_in_native, id=15352, stack(0x000000005c080000,0x000000005c180000)]
  0x00000000581c9800 JavaThread "Daemon" [_thread_blocked, id=6580, stack(0x000000005bef0000,0x000000005bff0000)]
  0x000000005ae80000 JavaThread "Daemon periodic checks" [_thread_blocked, id=16588, stack(0x000000005bca0000,0x000000005bda0000)]
  0x000000005ae70000 JavaThread "Incoming local TCP Connector on port 51130" [_thread_in_native, id=15128, stack(0x000000005bae0000,0x000000005bbe0000)]
  0x0000000057f36000 JavaThread "Service Thread" daemon [_thread_blocked, id=18360, stack(0x0000000059c80000,0x0000000059d80000)]
  0x00000000075ae000 JavaThread "C1 CompilerThread3" daemon [_thread_blocked, id=15428, stack(0x0000000059750000,0x0000000059850000)]
=>0x00000000075ad000 JavaThread "C2 CompilerThread2" daemon [_thread_in_native, id=1144, stack(0x00000000599c0000,0x0000000059ac0000)]
  0x00000000075ac000 JavaThread "C2 CompilerThread1" daemon [_thread_blocked, id=18036, stack(0x0000000059890000,0x0000000059990000)]
  0x0000000057ea7800 JavaThread "C2 CompilerThread0" daemon [_thread_blocked, id=16516, stack(0x00000000595d0000,0x00000000596d0000)]
  0x0000000057ea6800 JavaThread "Attach Listener" daemon [_thread_blocked, id=17776, stack(0x0000000059170000,0x0000000059270000)]
  0x0000000057ea5000 JavaThread "Signal Dispatcher" daemon [_thread_blocked, id=18224, stack(0x0000000059450000,0x0000000059550000)]
  0x000000000759f800 JavaThread "Finalizer" daemon [_thread_blocked, id=18316, stack(0x00000000592b0000,0x00000000593b0000)]
  0x0000000007598800 JavaThread "Reference Handler" daemon [_thread_blocked, id=16220, stack(0x0000000058ff0000,0x00000000590f0000)]
  0x00000000022af000 JavaThread "main" [_thread_blocked, id=12640, stack(0x0000000002370000,0x0000000002470000)]

Other Threads:
  0x000000000758f800 VMThread [stack: 0x0000000058e50000,0x0000000058f50000] [id=15520]
  0x0000000057f1b000 WatcherThread [stack: 0x0000000059b00000,0x0000000059c00000] [id=17304]

VM state:at safepoint (normal execution)

VM Mutex/Monitor currently owned by a thread:  ([mutex/lock_event])
[0x00000000022ad630] Threads_lock - owner thread: 0x000000000758f800
[0x00000000022adb30] Heap_lock - owner thread: 0x000000005af24000

Heap:
 PSYoungGen      total 308736K, used 864K [0x00000000e0000000, 0x00000000f4c00000, 0x0000000100000000)
  eden space 305152K, 0% used [0x00000000e0000000,0x00000000e0000000,0x00000000f2a00000)
  from space 3584K, 24% used [0x00000000f4880000,0x00000000f4958010,0x00000000f4c00000)
  to   space 17408K, 0% used [0x00000000f2a00000,0x00000000f2a00000,0x00000000f3b00000)
 ParOldGen       total 100352K, used 19618K [0x00000000a0000000, 0x00000000a6200000, 0x00000000e0000000)
  object space 100352K, 19% used [0x00000000a0000000,0x00000000a1328a20,0x00000000a6200000)
 Metaspace       used 34980K, capacity 35604K, committed 35928K, reserved 1081344K
  class space    used 4750K, capacity 4945K, committed 4992K, reserved 1048576K

Card table byte_map: [0x0000000002830000,0x0000000002b40000] byte_map_base: 0x0000000002330000

Marking Bits: (ParMarkBitMap*) 0x00000000084e5aa0
 Begin Bits: [0x00000000038b0000, 0x00000000050b0000)
 End Bits:   [0x00000000050b0000, 0x00000000068b0000)

Polling page: 0x0000000000130000

CodeCache: size=245760Kb used=11791Kb max_used=12787Kb free=233968Kb
 bounds [0x0000000008570000, 0x0000000009200000, 0x0000000017570000]
 total_blobs=3816 nmethods=3145 adapters=583
 compilation: enabled

Compilation events (10 events):
Event: 9.758 Thread 0x00000000075ae000 3446   !   3       java.io.BufferedReader::read (104 bytes)
Event: 9.759 Thread 0x00000000075ae000 nmethod 3446 0x0000000008803cd0 code [0x0000000008803e80, 0x0000000008804538]
Event: 9.761 Thread 0x00000000075ae000 3447       3       java.lang.String::equalsIgnoreCase (48 bytes)
Event: 9.761 Thread 0x00000000075ae000 nmethod 3447 0x00000000086bc250 code [0x00000000086bc3c0, 0x00000000086bc728]
Event: 9.764 Thread 0x00000000075ae000 3448  s!   3       sun.security.jca.ProviderConfig::getProvider (115 bytes)
Event: 9.764 Thread 0x00000000075ae000 nmethod 3448 0x00000000086bd550 code [0x00000000086bd700, 0x00000000086bdf68]
Event: 9.765 Thread 0x00000000075ae000 3452   !   3       sun.misc.URLClassPath$JarLoader::getResource (85 bytes)
Event: 9.765 Thread 0x00000000075ae000 nmethod 3452 0x000000000868cf90 code [0x000000000868d1c0, 0x000000000868dc58]
Event: 9.765 Thread 0x00000000075ae000 3449       3       java.security.Provider::ensureLegacyParsed (123 bytes)
Event: 9.766 Thread 0x00000000075ae000 nmethod 3449 0x0000000008731690 code [0x00000000087318e0, 0x0000000008732668]

GC Heap History (10 events):
Event: 3.917 GC heap after
Heap after GC invocations=5 (full 1):
 PSYoungGen      total 138240K, used 0K [0x00000000e0000000, 0x00000000e8c00000, 0x0000000100000000)
  eden space 133120K, 0% used [0x00000000e0000000,0x00000000e0000000,0x00000000e8200000)
  from space 5120K, 0% used [0x00000000e8700000,0x00000000e8700000,0x00000000e8c00000)
  to   space 5120K, 0% used [0x00000000e8200000,0x00000000e8200000,0x00000000e8700000)
 ParOldGen       total 63488K, used 10189K [0x00000000a0000000, 0x00000000a3e00000, 0x00000000e0000000)
  object space 63488K, 16% used [0x00000000a0000000,0x00000000a09f36c0,0x00000000a3e00000)
 Metaspace       used 20805K, capacity 21200K, committed 21248K, reserved 1067008K
  class space    used 2901K, capacity 3038K, committed 3072K, reserved 1048576K
}
Event: 5.754 GC heap before
{Heap before GC invocations=6 (full 1):
 PSYoungGen      total 138240K, used 133120K [0x00000000e0000000, 0x00000000e8c00000, 0x0000000100000000)
  eden space 133120K, 100% used [0x00000000e0000000,0x00000000e8200000,0x00000000e8200000)
  from space 5120K, 0% used [0x00000000e8700000,0x00000000e8700000,0x00000000e8c00000)
  to   space 5120K, 0% used [0x00000000e8200000,0x00000000e8200000,0x00000000e8700000)
 ParOldGen       total 63488K, used 10189K [0x00000000a0000000, 0x00000000a3e00000, 0x00000000e0000000)
  object space 63488K, 16% used [0x00000000a0000000,0x00000000a09f36c0,0x00000000a3e00000)
 Metaspace       used 28586K, capacity 29034K, committed 29184K, reserved 1075200K
  class space    used 3913K, capacity 4084K, committed 4096K, reserved 1048576K
Event: 5.765 GC heap after
Heap after GC invocations=6 (full 1):
 PSYoungGen      total 138240K, used 5104K [0x00000000e0000000, 0x00000000ee900000, 0x0000000100000000)
  eden space 133120K, 0% used [0x00000000e0000000,0x00000000e0000000,0x00000000e8200000)
  from space 5120K, 99% used [0x00000000e8200000,0x00000000e86fc040,0x00000000e8700000)
  to   space 14848K, 0% used [0x00000000eda80000,0x00000000eda80000,0x00000000ee900000)
 ParOldGen       total 63488K, used 17810K [0x00000000a0000000, 0x00000000a3e00000, 0x00000000e0000000)
  object space 63488K, 28% used [0x00000000a0000000,0x00000000a1164af0,0x00000000a3e00000)
 Metaspace       used 28586K, capacity 29034K, committed 29184K, reserved 1075200K
  class space    used 3913K, capacity 4084K, committed 4096K, reserved 1048576K
}
Event: 7.355 GC heap before
{Heap before GC invocations=7 (full 1):
 PSYoungGen      total 138240K, used 138224K [0x00000000e0000000, 0x00000000ee900000, 0x0000000100000000)
  eden space 133120K, 100% used [0x00000000e0000000,0x00000000e8200000,0x00000000e8200000)
  from space 5120K, 99% used [0x00000000e8200000,0x00000000e86fc040,0x00000000e8700000)
  to   space 14848K, 0% used [0x00000000eda80000,0x00000000eda80000,0x00000000ee900000)
 ParOldGen       total 63488K, used 17810K [0x00000000a0000000, 0x00000000a3e00000, 0x00000000e0000000)
  object space 63488K, 28% used [0x00000000a0000000,0x00000000a1164af0,0x00000000a3e00000)
 Metaspace       used 28613K, capacity 29098K, committed 29184K, reserved 1075200K
  class space    used 3917K, capacity 4084K, committed 4096K, reserved 1048576K
Event: 7.368 GC heap after
Heap after GC invocations=7 (full 1):
 PSYoungGen      total 216576K, used 10112K [0x00000000e0000000, 0x00000000ee580000, 0x0000000100000000)
  eden space 205312K, 0% used [0x00000000e0000000,0x00000000e0000000,0x00000000ec880000)
  from space 11264K, 89% used [0x00000000eda80000,0x00000000ee460050,0x00000000ee580000)
  to   space 14848K, 0% used [0x00000000ec880000,0x00000000ec880000,0x00000000ed700000)
 ParOldGen       total 63488K, used 17818K [0x00000000a0000000, 0x00000000a3e00000, 0x00000000e0000000)
  object space 63488K, 28% used [0x00000000a0000000,0x00000000a1166af0,0x00000000a3e00000)
 Metaspace       used 28613K, capacity 29098K, committed 29184K, reserved 1075200K
  class space    used 3917K, capacity 4084K, committed 4096K, reserved 1048576K
}
Event: 9.563 GC heap before
{Heap before GC invocations=8 (full 1):
 PSYoungGen      total 216576K, used 160278K [0x00000000e0000000, 0x00000000ee580000, 0x0000000100000000)
  eden space 205312K, 73% used [0x00000000e0000000,0x00000000e92a5a88,0x00000000ec880000)
  from space 11264K, 89% used [0x00000000eda80000,0x00000000ee460050,0x00000000ee580000)
  to   space 14848K, 0% used [0x00000000ec880000,0x00000000ec880000,0x00000000ed700000)
 ParOldGen       total 63488K, used 17818K [0x00000000a0000000, 0x00000000a3e00000, 0x00000000e0000000)
  object space 63488K, 28% used [0x00000000a0000000,0x00000000a1166af0,0x00000000a3e00000)
 Metaspace       used 34652K, capacity 35330K, committed 35416K, reserved 1079296K
  class space    used 4730K, capacity 4961K, committed 4992K, reserved 1048576K
Event: 9.598 GC heap after
Heap after GC invocations=8 (full 1):
 PSYoungGen      total 220160K, used 13877K [0x00000000e0000000, 0x00000000f5900000, 0x0000000100000000)
  eden space 205312K, 0% used [0x00000000e0000000,0x00000000e0000000,0x00000000ec880000)
  from space 14848K, 93% used [0x00000000ec880000,0x00000000ed60d4d8,0x00000000ed700000)
  to   space 16896K, 0% used [0x00000000f4880000,0x00000000f4880000,0x00000000f5900000)
 ParOldGen       total 63488K, used 17826K [0x00000000a0000000, 0x00000000a3e00000, 0x00000000e0000000)
  object space 63488K, 28% used [0x00000000a0000000,0x00000000a1168af0,0x00000000a3e00000)
 Metaspace       used 34652K, capacity 35330K, committed 35416K, reserved 1079296K
  class space    used 4730K, capacity 4961K, committed 4992K, reserved 1048576K
}
Event: 9.598 GC heap before
{Heap before GC invocations=9 (full 2):
 PSYoungGen      total 220160K, used 13877K [0x00000000e0000000, 0x00000000f5900000, 0x0000000100000000)
  eden space 205312K, 0% used [0x00000000e0000000,0x00000000e0000000,0x00000000ec880000)
  from space 14848K, 93% used [0x00000000ec880000,0x00000000ed60d4d8,0x00000000ed700000)
  to   space 16896K, 0% used [0x00000000f4880000,0x00000000f4880000,0x00000000f5900000)
 ParOldGen       total 63488K, used 17826K [0x00000000a0000000, 0x00000000a3e00000, 0x00000000e0000000)
  object space 63488K, 28% used [0x00000000a0000000,0x00000000a1168af0,0x00000000a3e00000)
 Metaspace       used 34652K, capacity 35330K, committed 35416K, reserved 1079296K
  class space    used 4730K, capacity 4961K, committed 4992K, reserved 1048576K
Event: 9.711 GC heap after
Heap after GC invocations=9 (full 2):
 PSYoungGen      total 220160K, used 0K [0x00000000e0000000, 0x00000000f5900000, 0x0000000100000000)
  eden space 205312K, 0% used [0x00000000e0000000,0x00000000e0000000,0x00000000ec880000)
  from space 14848K, 0% used [0x00000000ec880000,0x00000000ec880000,0x00000000ed700000)
  to   space 16896K, 0% used [0x00000000f4880000,0x00000000f4880000,0x00000000f5900000)
 ParOldGen       total 100352K, used 19610K [0x00000000a0000000, 0x00000000a6200000, 0x00000000e0000000)
  object space 100352K, 19% used [0x00000000a0000000,0x00000000a1326a20,0x00000000a6200000)
 Metaspace       used 34582K, capacity 35174K, committed 35416K, reserved 1079296K
  class space    used 4710K, capacity 4909K, committed 4992K, reserved 1048576K
}
Event: 9.766 GC heap before
{Heap before GC invocations=10 (full 2):
 PSYoungGen      total 220160K, used 3820K [0x00000000e0000000, 0x00000000f5900000, 0x0000000100000000)
  eden space 205312K, 1% used [0x00000000e0000000,0x00000000e03bb150,0x00000000ec880000)
  from space 14848K, 0% used [0x00000000ec880000,0x00000000ec880000,0x00000000ed700000)
  to   space 16896K, 0% used [0x00000000f4880000,0x00000000f4880000,0x00000000f5900000)
 ParOldGen       total 100352K, used 19610K [0x00000000a0000000, 0x00000000a6200000, 0x00000000e0000000)
  object space 100352K, 19% used [0x00000000a0000000,0x00000000a1326a20,0x00000000a6200000)
 Metaspace       used 34980K, capacity 35604K, committed 35928K, reserved 1081344K
  class space    used 4750K, capacity 4945K, committed 4992K, reserved 1048576K

Deoptimization events (10 events):
Event: 9.451 Thread 0x000000005af24000 Uncommon trap: reason=bimorphic action=maybe_recompile pc=0x0000000008a5fef4 method=java.io.DataOutputStream.writeShort(I)V @ 12
Event: 9.459 Thread 0x000000005af24000 Uncommon trap: reason=unstable_if action=reinterpret pc=0x000000000901d41c method=java.util.regex.Pattern.has(I)Z @ 6
Event: 9.459 Thread 0x000000005af24000 Uncommon trap: reason=unstable_if action=reinterpret pc=0x0000000008a11a80 method=java.util.regex.Pattern.has(I)Z @ 6
Event: 9.501 Thread 0x000000005af24000 Uncommon trap: reason=unstable_if action=reinterpret pc=0x0000000008bbd884 method=sun.misc.MetaIndex.mayContain(Ljava/lang/String;)Z @ 38
Event: 9.502 Thread 0x000000005af24000 Uncommon trap: reason=unstable_if action=reinterpret pc=0x0000000008bb6198 method=sun.misc.MetaIndex.mayContain(Ljava/lang/String;)Z @ 38
Event: 9.531 Thread 0x000000005af24000 Uncommon trap: reason=unstable_if action=reinterpret pc=0x000000000868b8c8 method=java.util.HashMap.putVal(ILjava/lang/Object;Ljava/lang/Object;ZZ)Ljava/lang/Object; @ 236
Event: 9.713 Thread 0x000000000759f800 Uncommon trap: reason=unstable_if action=reinterpret pc=0x0000000008b7a5f8 method=java.lang.ref.Finalizer.remove()V @ 10
Event: 9.752 Thread 0x000000005af24000 Uncommon trap: reason=unstable_if action=reinterpret pc=0x0000000008953f20 method=java.lang.String.regionMatches(ZILjava/lang/String;II)Z @ 123
Event: 9.752 Thread 0x000000005af24000 Uncommon trap: reason=unstable_if action=reinterpret pc=0x0000000008c40800 method=java.lang.String.regionMatches(ZILjava/lang/String;II)Z @ 123
Event: 9.757 Thread 0x000000005af24000 Uncommon trap: reason=null_check action=make_not_entrant pc=0x0000000008ddcf00 method=java.net.URL.getURLStreamHandler(Ljava/lang/String;)Ljava/net/URLStreamHandler; @ 7

Classes redefined (0 events):
No events

Internal exceptions (10 events):
Event: 9.360 Thread 0x000000005af24000 Exception <a 'java/lang/ClassNotFoundException': org/gradle/api/internal/DefaultNamedDomainObjectListBeanInfo> (0x00000000e80858d8) thrown at [D:\src\AOSP-openjdk-cygwin\jdk8u\hotspot\src\share\vm\classfile\systemDictionary.cpp, line 210]
Event: 9.361 Thread 0x000000005af24000 Exception <a 'java/lang/ClassNotFoundException': org/gradle/api/internal/DefaultNamedDomainObjectCollectionBeanInfo> (0x00000000e80b3bb0) thrown at [D:\src\AOSP-openjdk-cygwin\jdk8u\hotspot\src\share\vm\classfile\systemDictionary.cpp, line 210]
Event: 9.361 Thread 0x000000005af24000 Exception <a 'java/lang/ClassNotFoundException': org/gradle/api/internal/DefaultDomainObjectCollectionBeanInfo> (0x00000000e80e0ca0) thrown at [D:\src\AOSP-openjdk-cygwin\jdk8u\hotspot\src\share\vm\classfile\systemDictionary.cpp, line 210]
Event: 9.362 Thread 0x000000005af24000 Exception <a 'java/lang/ClassNotFoundException': org/gradle/api/internal/DefaultDomainObjectCollectionCustomizer> (0x00000000e810e6e0) thrown at [D:\src\AOSP-openjdk-cygwin\jdk8u\hotspot\src\share\vm\classfile\systemDictionary.cpp, line 210]
Event: 9.363 Thread 0x000000005af24000 Exception <a 'java/lang/ClassNotFoundException': org/gradle/api/internal/DefaultNamedDomainObjectCollectionCustomizer> (0x00000000e8165358) thrown at [D:\src\AOSP-openjdk-cygwin\jdk8u\hotspot\src\share\vm\classfile\systemDictionary.cpp, line 210]
Event: 9.365 Thread 0x000000005af24000 Exception <a 'java/lang/ClassNotFoundException': org/gradle/api/internal/DefaultNamedDomainObjectListCustomizer> (0x00000000e81bcf18) thrown at [D:\src\AOSP-openjdk-cygwin\jdk8u\hotspot\src\share\vm\classfile\systemDictionary.cpp, line 210]
Event: 9.367 Thread 0x000000005af24000 Exception <a 'java/lang/ClassNotFoundException': org/gradle/api/internal/artifacts/DefaultArtifactRepositoryContainerCustomizer> (0x00000000e822b848) thrown at [D:\src\AOSP-openjdk-cygwin\jdk8u\hotspot\src\share\vm\classfile\systemDictionary.cpp, line 210
Event: 9.369 Thread 0x000000005af24000 Exception <a 'java/lang/ClassNotFoundException': org/gradle/api/internal/artifacts/dsl/DefaultRepositoryHandlerCustomizer> (0x00000000e828d1c8) thrown at [D:\src\AOSP-openjdk-cygwin\jdk8u\hotspot\src\share\vm\classfile\systemDictionary.cpp, line 210]
Event: 9.371 Thread 0x000000005af24000 Exception <a 'java/lang/ClassNotFoundException': org/gradle/api/internal/artifacts/dsl/DefaultRepositoryHandler_DecoratedCustomizer> (0x00000000e82f76b0) thrown at [D:\src\AOSP-openjdk-cygwin\jdk8u\hotspot\src\share\vm\classfile\systemDictionary.cpp, line
Event: 9.757 Thread 0x000000005af24000 Implicit null exception at 0x0000000008ddac98 to 0x0000000008ddcef5

Events (10 events):
Event: 9.766 loading class java/security/KeyPairGeneratorSpi
Event: 9.766 loading class java/security/KeyPairGeneratorSpi done
Event: 9.766 loading class java/security/KeyPairGenerator done
Event: 9.766 loading class sun/security/ec/ECKeyPairGenerator
Event: 9.766 loading class sun/security/ec/ECKeyPairGenerator done
Event: 9.766 Thread 0x00000000075ae000 flushing nmethod 0x00000000088edbd0
Event: 9.766 Thread 0x00000000075ae000 flushing nmethod 0x00000000088f0150
Event: 9.766 Thread 0x00000000075ae000 flushing nmethod 0x00000000088f63d0
Event: 9.766 Thread 0x00000000075ae000 flushing nmethod 0x00000000088f8c10
Event: 9.766 Executing VM operation: CollectForMetadataAllocation


Dynamic libraries:
0x000000013f100000 - 0x000000013f131000 	C:\Program Files\Android\Android Studio\jre\bin\java.exe
0x0000000076dd0000 - 0x0000000076f6f000 	C:\Windows\SYSTEM32\ntdll.dll
0x0000000076bb0000 - 0x0000000076ccf000 	C:\Windows\system32\kernel32.dll
0x000007fefc9a0000 - 0x000007fefca0a000 	C:\Windows\system32\KERNELBASE.dll
0x000007fefcec0000 - 0x000007fefcf9b000 	C:\Windows\system32\ADVAPI32.dll
0x000007fefda60000 - 0x000007fefdaff000 	C:\Windows\system32\msvcrt.dll
0x000007fefcfa0000 - 0x000007fefcfbf000 	C:\Windows\SYSTEM32\sechost.dll
0x000007fefef90000 - 0x000007feff0bd000 	C:\Windows\system32\RPCRT4.dll
0x0000000076cd0000 - 0x0000000076dca000 	C:\Windows\system32\USER32.dll
0x000007fefd720000 - 0x000007fefd787000 	C:\Windows\system32\GDI32.dll
0x000007fefdb00000 - 0x000007fefdb0e000 	C:\Windows\system32\LPK.dll
0x000007fefd1c0000 - 0x000007fefd28b000 	C:\Windows\system32\USP10.dll
0x000007fef9100000 - 0x000007fef92f4000 	C:\Windows\WinSxS\amd64_microsoft.windows.common-controls_6595b64144ccf1df_6.0.7601.18837_none_fa3b1e3d17594757\COMCTL32.dll
0x000007fefcd30000 - 0x000007fefcda1000 	C:\Windows\system32\SHLWAPI.dll
0x000007fefce90000 - 0x000007fefcebe000 	C:\Windows\system32\IMM32.DLL
0x000007fefd600000 - 0x000007fefd709000 	C:\Windows\system32\MSCTF.dll
0x000007fefc8b0000 - 0x000007fefc8e0000 	C:\Windows\system32\nvinitx.dll
0x000007fefc8a0000 - 0x000007fefc8ac000 	C:\Windows\system32\VERSION.dll
0x000000006ed50000 - 0x000000006ed56000 	C:\Program Files\NVIDIA Corporation\CoProcManager\detoured.dll
0x000007fee4930000 - 0x000007fee4968000 	C:\Program Files\NVIDIA Corporation\CoProcManager\nvd3d9wrapx.dll
0x000007fefd420000 - 0x000007fefd5f7000 	C:\Windows\system32\SETUPAPI.dll
0x000007fefcb00000 - 0x000007fefcb36000 	C:\Windows\system32\CFGMGR32.dll
0x000007fefcdb0000 - 0x000007fefce8a000 	C:\Windows\system32\OLEAUT32.dll
0x000007fefcfc0000 - 0x000007fefd1bd000 	C:\Windows\system32\ole32.dll
0x000007fefccc0000 - 0x000007fefccda000 	C:\Windows\system32\DEVOBJ.dll
0x000007fee4430000 - 0x000007fee4454000 	C:\Program Files\NVIDIA Corporation\CoProcManager\nvdxgiwrapx.dll
0x0000000069600000 - 0x00000000696d2000 	C:\Program Files\Android\Android Studio\jre\jre\bin\msvcr100.dll
0x0000000007d20000 - 0x0000000008561000 	C:\Program Files\Android\Android Studio\jre\jre\bin\server\jvm.dll
0x000007fef7ad0000 - 0x000007fef7ad9000 	C:\Windows\system32\WSOCK32.dll
0x000007fefdb10000 - 0x000007fefdb5d000 	C:\Windows\system32\WS2_32.dll
0x000007fefd710000 - 0x000007fefd718000 	C:\Windows\system32\NSI.dll
0x000007fef9300000 - 0x000007fef933b000 	C:\Windows\system32\WINMM.dll
0x0000000076f70000 - 0x0000000076f77000 	C:\Windows\system32\PSAPI.DLL
0x000007fef7e70000 - 0x000007fef7e7f000 	C:\Program Files\Android\Android Studio\jre\jre\bin\verify.dll
0x000007fef4650000 - 0x000007fef4679000 	C:\Program Files\Android\Android Studio\jre\jre\bin\java.dll
0x000007fef45c0000 - 0x000007fef45d6000 	C:\Program Files\Android\Android Studio\jre\jre\bin\zip.dll
0x000007fefdb60000 - 0x000007fefe8ea000 	C:\Windows\system32\SHELL32.dll
0x000007fefc970000 - 0x000007fefc97f000 	C:\Windows\system32\profapi.dll
0x000007fef2dc0000 - 0x000007fef2dda000 	C:\Program Files\Android\Android Studio\jre\jre\bin\net.dll
0x000007fefc100000 - 0x000007fefc155000 	C:\Windows\system32\mswsock.dll
0x000007fefc0f0000 - 0x000007fefc0f7000 	C:\Windows\System32\wship6.dll
0x000007fef2d50000 - 0x000007fef2d61000 	C:\Program Files\Android\Android Studio\jre\jre\bin\nio.dll
0x000007fef2af0000 - 0x000007fef2b0e000 	C:\Users\Ah\.gradle\native\25\windows-amd64\native-platform.dll
0x000007fef54d0000 - 0x000007fef54dd000 	C:\Program Files\Android\Android Studio\jre\jre\bin\management.dll
0x000007fefc160000 - 0x000007fefc178000 	C:\Windows\system32\CRYPTSP.dll
0x000007fefbe60000 - 0x000007fefbea7000 	C:\Windows\system32\rsaenh.dll
0x000007fefcad0000 - 0x000007fefcaee000 	C:\Windows\system32\USERENV.dll
0x000007fefc7d0000 - 0x000007fefc7df000 	C:\Windows\system32\CRYPTBASE.dll
0x000007fefb0c0000 - 0x000007fefb0e7000 	C:\Windows\system32\IPHLPAPI.DLL
0x000007fefb0b0000 - 0x000007fefb0bb000 	C:\Windows\system32\WINNSI.DLL
0x000007fefaec0000 - 0x000007fefaed1000 	C:\Windows\system32\dhcpcsvc6.DLL
0x000007fefaea0000 - 0x000007fefaeb8000 	C:\Windows\system32\dhcpcsvc.DLL
0x000007fedc760000 - 0x000007fedc784000 	C:\Program Files\Android\Android Studio\jre\jre\bin\sunec.dll

VM Arguments:
jvm_args: -Xmx1536m -Dfile.encoding=windows-1252 -Duser.country=US -Duser.language=en -Duser.variant 
java_command: org.gradle.launcher.daemon.bootstrap.GradleDaemon 4.6
java_class_path (initial): C:\Users\Ah\.gradle\wrapper\dists\gradle-4.6-all\bcst21l2brirad8k2ben1letg\gradle-4.6\lib\gradle-launcher-4.6.jar
Launcher Type: SUN_STANDARD

Environment Variables:
JAVA_HOME=C:\Program Files\Java\jdk1.8.0_161
PATH=C:\Program Files (x86)\Common Files\Oracle\Java\javapath;C:\oraclexe\app\oracle\product\11.2.0\server\bin;C:\ProgramData\Oracle\Java\javapath;C:\Program Files\Common Files\Microsoft Shared\Windows Live;C:\Program Files (x86)\Common Files\Microsoft Shared\Windows Live;C:\Program Files (x86)\Intel\iCLS Client\;C:\Program Files\Intel\iCLS Client\;C:\Windows\system32;C:\Windows;C:\Windows\System32\Wbem;C:\Windows\System32\WindowsPowerShell\v1.0\;C:\Program Files\Intel\Intel(R) Management Engine Components\DAL;C:\Program Files\Intel\Intel(R) Management Engine Components\IPT;C:\Program Files (x86)\Intel\Intel(R) Management Engine Components\DAL;C:\Program Files (x86)\Intel\Intel(R) Management Engine Components\IPT;C:\Program Files\Intel\WiFi\bin\;C:\Program Files\Common Files\Intel\WirelessCommon\;C:\Program Files (x86)\Windows Live\Shared;C:\Program Files (x86)\NVIDIA Corporation\PhysX\Common;%JAVA_HOME%\bin;C:\Program Files\Microsoft SQL Server\Client SDK\ODBC\110\Tools\Binn\;C:\Program Files (x86)\Microsoft SQL Server\120\Tools\Binn\;C:\Program Files\Microsoft SQL Server\120\Tools\Binn\;C:\Program Files\Microsoft SQL Server\120\DTS\Binn\;C:\Program Files (x86)\Microsoft SQL Server\120\Tools\Binn\ManagementStudio\;C:\Program Files (x86)\Microsoft SQL Server\120\DTS\Binn\;C:\Program Files\Git\cmd;C:\Android;C:\Users\Ah\AppData\Local\Programs\Python\Python37-32\Scripts\;C:\Users\Ah\AppData\Local\Programs\Python\Python37-32\
USERNAME=Ah
OS=Windows_NT
PROCESSOR_IDENTIFIER=Intel64 Family 6 Model 60 Stepping 3, GenuineIntel



---------------  S Y S T E M  ---------------

OS: Windows 7 , 64 bit Build 7601 (6.1.7601.24231)

CPU:total 8 (initial active 8) (4 cores per cpu, 2 threads per core) family 6 model 60 stepping 3, cmov, cx8, fxsr, mmx, sse, sse2, sse3, ssse3, sse4.1, sse4.2, popcnt, avx, avx2, aes, clmul, erms, lzcnt, ht, tsc, tscinvbit, bmi1, bmi2

Memory: 4k page, physical 8305236k(1174216k free), swap 9351916k(17508k free)

vm_info: OpenJDK 64-Bit Server VM (25.152-b06) for windows-amd64 JRE (1.8.0_152-release-1136-b06), built by "builder" with MS VC++ 10.0 (VS2010)

time: Thu Sep 27 16:11:17 2018
elapsed time: 9 seconds (0d 0h 0m 9s)

