#
# There is insufficient memory for the Java Runtime Environment to continue.
# Native memory allocation (malloc) failed to allocate 1109536 bytes for Chunk::new
# Possible reasons:
#   The system is out of physical RAM or swap space
#   In 32 bit mode, the process size limit was hit
# Possible solutions:
#   Reduce memory load on the system
#   Increase physical memory or swap space
#   Check if swap backing store is full
#   Use 64 bit Java on a 64 bit OS
#   Decrease Java heap size (-Xmx/-Xms)
#   Decrease number of Java threads
#   Decrease Java thread stack sizes (-Xss)
#   Set larger code cache with -XX:ReservedCodeCacheSize=
# This output file may be truncated or incomplete.
#
#  Out of Memory Error (allocation.cpp:390), pid=14112, tid=0x000000000000282c
#
# JRE version: OpenJDK Runtime Environment (8.0_152-b06) (build 1.8.0_152-release-1136-b06)
# Java VM: OpenJDK 64-Bit Server VM (25.152-b06 mixed mode windows-amd64 compressed oops)
# Failed to write core dump. Minidumps are not enabled by default on client versions of Windows
#

---------------  T H R E A D  ---------------

Current thread (0x0000000057f93000):  JavaThread "C2 CompilerThread2" daemon [_thread_in_native, id=10284, stack(0x0000000059a00000,0x0000000059b00000)]

Stack: [0x0000000059a00000,0x0000000059b00000]
[error occurred during error reporting (printing stack bounds), id 0xc0000005]

Native frames: (J=compiled Java code, j=interpreted, Vv=VM code, C=native code)


Current CompileTask:
C2:   8192 6314   !   4       java.io.ObjectOutputStream::writeObject0 (619 bytes)


---------------  P R O C E S S  ---------------

Java Threads: ( => current thread )
  0x000000005a433800 JavaThread "Task worker for ':' Thread 7" [_thread_in_Java, id=9420, stack(0x0000000066f00000,0x0000000067000000)]
  0x000000005a433000 JavaThread "Task worker for ':' Thread 6" [_thread_blocked, id=10364, stack(0x0000000066d90000,0x0000000066e90000)]
  0x000000005a432000 JavaThread "Task worker for ':' Thread 5" [_thread_blocked, id=12236, stack(0x0000000066c20000,0x0000000066d20000)]
  0x000000005daab800 JavaThread "Task worker for ':' Thread 4" [_thread_blocked, id=6184, stack(0x0000000066660000,0x0000000066760000)]
  0x000000005daaa800 JavaThread "Task worker for ':' Thread 3" [_thread_blocked, id=13972, stack(0x0000000066aa0000,0x0000000066ba0000)]
  0x000000005daaa000 JavaThread "Task worker for ':' Thread 2" [_thread_blocked, id=8672, stack(0x0000000066530000,0x0000000066630000)]
  0x000000005daa9000 JavaThread "Task worker for ':'" [_thread_blocked, id=17228, stack(0x00000000663b0000,0x00000000664b0000)]
  0x000000005daa8800 JavaThread "Cache worker for Build Output Cleanup Cache (C:\Users\Ah\AndroidStudioProjects\AndroidLabs\.gradle\buildOutputCleanup)" [_thread_blocked, id=15036, stack(0x0000000064f50000,0x0000000065050000)]
  0x000000005daa7800 JavaThread "Cache worker for task history cache (C:\Users\Ah\AndroidStudioProjects\AndroidLabs\.gradle\4.6\taskHistory)" [_thread_blocked, id=14700, stack(0x0000000064d70000,0x0000000064e70000)]
  0x000000005daa7000 JavaThread "Cache worker for file content cache (C:\Users\Ah\AndroidStudioProjects\AndroidLabs\.gradle\4.6\fileContent)" [_thread_blocked, id=12096, stack(0x0000000064c00000,0x0000000064d00000)]
  0x000000005daa5000 JavaThread "Memory manager" [_thread_blocked, id=3416, stack(0x0000000063d50000,0x0000000063e50000)]
  0x000000005daa3800 JavaThread "Build operations Thread 8" [_thread_blocked, id=16724, stack(0x0000000063590000,0x0000000063690000)]
  0x000000005daa3000 JavaThread "Build operations Thread 7" [_thread_blocked, id=17232, stack(0x00000000632f0000,0x00000000633f0000)]
  0x000000005daa2000 JavaThread "Build operations Thread 6" [_thread_blocked, id=15220, stack(0x00000000631d0000,0x00000000632d0000)]
  0x000000005daa1800 JavaThread "Build operations Thread 5" [_thread_blocked, id=8484, stack(0x0000000063020000,0x0000000063120000)]
  0x000000005daa0800 JavaThread "Build operations Thread 4" [_thread_blocked, id=9332, stack(0x0000000062bf0000,0x0000000062cf0000)]
  0x000000005daa0000 JavaThread "Build operations Thread 3" [_thread_blocked, id=13180, stack(0x000000005c440000,0x000000005c540000)]
  0x000000005da9f000 JavaThread "Build operations Thread 2" [_thread_blocked, id=14724, stack(0x0000000062aa0000,0x0000000062ba0000)]
  0x000000005da9e800 JavaThread "Build operations" [_thread_blocked, id=5608, stack(0x000000005ee20000,0x000000005ef20000)]
  0x000000005da9d800 JavaThread "Cache worker for Artifact transforms cache (C:\Users\Ah\.gradle\caches\transforms-1)" [_thread_blocked, id=2836, stack(0x00000000601c0000,0x00000000602c0000)]
  0x000000005b694800 JavaThread "Cache worker for file hash cache (C:\Users\Ah\AndroidStudioProjects\AndroidLabs\.gradle\4.6\fileHashes)" [_thread_blocked, id=16500, stack(0x0000000059de0000,0x0000000059ee0000)]
  0x000000005b685000 JavaThread "File lock request listener" [_thread_in_native, id=14008, stack(0x000000005c9d0000,0x000000005cad0000)]
  0x000000005b71e000 JavaThread "Cache worker for file hash cache (C:\Users\Ah\.gradle\caches\4.6\fileHashes)" [_thread_blocked, id=10156, stack(0x000000005cb20000,0x000000005cc20000)]
  0x000000005b486000 JavaThread "Stdin handler" [_thread_blocked, id=16760, stack(0x000000005c000000,0x000000005c100000)]
  0x000000005b485000 JavaThread "Asynchronous log dispatcher for DefaultDaemonConnection: socket connection from /127.0.0.1:50865 to /127.0.0.1:50866" [_thread_blocked, id=11536, stack(0x000000005c6b0000,0x000000005c7b0000)]
  0x000000005b482000 JavaThread "Daemon worker" [_thread_blocked, id=16044, stack(0x000000005c570000,0x000000005c670000)]
  0x000000005b480800 JavaThread "Cancel handler" [_thread_blocked, id=14888, stack(0x000000005bdf0000,0x000000005bef0000)]
  0x000000005b43a000 JavaThread "Handler for socket connection from /127.0.0.1:50865 to /127.0.0.1:50866" [_thread_in_native, id=9708, stack(0x000000005c140000,0x000000005c240000)]
  0x000000005b42e800 JavaThread "Daemon" [_thread_blocked, id=13448, stack(0x000000005ba40000,0x000000005bb40000)]
  0x000000005b1fa000 JavaThread "Daemon periodic checks" [_thread_blocked, id=8972, stack(0x000000005bf00000,0x000000005c000000)]
  0x000000005b1f9800 JavaThread "Incoming local TCP Connector on port 50865" [_thread_in_native, id=9220, stack(0x000000005bcc0000,0x000000005bdc0000)]
  0x0000000058015800 JavaThread "Service Thread" daemon [_thread_blocked, id=9976, stack(0x0000000059b40000,0x0000000059c40000)]
  0x0000000057fb4000 JavaThread "C1 CompilerThread3" daemon [_thread_blocked, id=5676, stack(0x0000000059cb0000,0x0000000059db0000)]
=>0x0000000057f93000 JavaThread "C2 CompilerThread2" daemon [_thread_in_native, id=10284, stack(0x0000000059a00000,0x0000000059b00000)]
  0x0000000057f81800 JavaThread "C2 CompilerThread1" daemon [_thread_in_native, id=6596, stack(0x0000000059130000,0x0000000059230000)]
  0x0000000057f78800 JavaThread "C2 CompilerThread0" daemon [_thread_in_native, id=16148, stack(0x0000000059880000,0x0000000059980000)]
  0x0000000057f77800 JavaThread "Attach Listener" daemon [_thread_blocked, id=15112, stack(0x00000000596b0000,0x00000000597b0000)]
  0x0000000057f87000 JavaThread "Signal Dispatcher" daemon [_thread_blocked, id=14080, stack(0x00000000594c0000,0x00000000595c0000)]
  0x00000000075ac800 JavaThread "Finalizer" daemon [_thread_blocked, id=16956, stack(0x00000000593a0000,0x00000000594a0000)]
  0x0000000057f33000 JavaThread "Reference Handler" daemon [_thread_blocked, id=10812, stack(0x0000000059250000,0x0000000059350000)]
  0x000000000019f000 JavaThread "main" [_thread_blocked, id=14280, stack(0x00000000023f0000,0x00000000024f0000)]

Other Threads:
  0x0000000057f31800 VMThread [stack: 0x0000000058f60000,0x0000000059060000] [id=1992]
  0x0000000058017800 WatcherThread [stack: 0x0000000059f60000,0x000000005a060000] [id=13676]

VM state:not at safepoint (normal execution)

VM Mutex/Monitor currently owned by a thread: None

Heap:
 PSYoungGen      total 232960K, used 95472K [0x00000000e0000000, 0x00000000ef100000, 0x0000000100000000)
  eden space 219136K, 37% used [0x00000000e0000000,0x00000000e4fbfbc8,0x00000000ed600000)
  from space 13824K, 99% used [0x00000000ed600000,0x00000000ee37c728,0x00000000ee380000)
  to   space 13312K, 0% used [0x00000000ee400000,0x00000000ee400000,0x00000000ef100000)
 ParOldGen       total 97792K, used 25662K [0x00000000a0000000, 0x00000000a5f80000, 0x00000000e0000000)
  object space 97792K, 26% used [0x00000000a0000000,0x00000000a190fbc0,0x00000000a5f80000)
 Metaspace       used 55817K, capacity 57378K, committed 57472K, reserved 1099776K
  class space    used 7625K, capacity 8042K, committed 8064K, reserved 1048576K

Card table byte_map: [0x00000000028b0000,0x0000000002bc0000] byte_map_base: 0x00000000023b0000

Marking Bits: (ParMarkBitMap*) 0x00000000086d5aa0
 Begin Bits: [0x00000000038c0000, 0x00000000050c0000)
 End Bits:   [0x00000000050c0000, 0x00000000068c0000)

Polling page: 0x0000000000120000

CodeCache: size=245760Kb used=18220Kb max_used=18614Kb free=227539Kb
 bounds [0x0000000008760000, 0x00000000099b0000, 0x0000000017760000]
 total_blobs=6411 nmethods=5634 adapters=689
 compilation: enabled

Compilation events (10 events):
Event: 8.174 Thread 0x0000000057fb4000 6416       3       java.util.concurrent.atomic.AtomicReference::<init> (5 bytes)
Event: 8.174 Thread 0x0000000057fb4000 nmethod 6416 0x0000000008fc4610 code [0x0000000008fc4760, 0x0000000008fc4910]
Event: 8.176 Thread 0x0000000057fb4000 6417       3       java.lang.ClassLoader::getSystemClassLoader (32 bytes)
Event: 8.177 Thread 0x0000000057fb4000 nmethod 6417 0x0000000008fc3750 code [0x0000000008fc3940, 0x0000000008fc4248]
Event: 8.177 Thread 0x0000000057fb4000 6418  s!   3       java.lang.ClassLoader::initSystemClassLoader (109 bytes)
Event: 8.178 Thread 0x0000000057fb4000 nmethod 6418 0x0000000008fc2450 code [0x0000000008fc2660, 0x0000000008fc32f8]
Event: 8.178 Thread 0x0000000057fb4000 6420       3       org.gradle.api.internal.artifacts.ivyservice.ivyresolve.BaseModuleComponentRepository::getId (10 bytes)
Event: 8.178 Thread 0x0000000057fb4000 nmethod 6420 0x0000000008fc2010 code [0x0000000008fc2180, 0x0000000008fc23a8]
Event: 8.179 Thread 0x0000000057fb4000 6422       3       org.gradle.util.CollectionUtils::collect (44 bytes)
Event: 8.179 Thread 0x0000000057fb4000 nmethod 6422 0x0000000008fc1690 code [0x0000000008fc1840, 0x0000000008fc1de8]

GC Heap History (10 events):
Event: 2.730 GC heap before
{Heap before GC invocations=5 (full 1):
 PSYoungGen      total 138240K, used 5088K [0x00000000e0000000, 0x00000000e8c00000, 0x0000000100000000)
  eden space 133120K, 0% used [0x00000000e0000000,0x00000000e0000000,0x00000000e8200000)
  from space 5120K, 99% used [0x00000000e8700000,0x00000000e8bf8040,0x00000000e8c00000)
  to   space 5120K, 0% used [0x00000000e8200000,0x00000000e8200000,0x00000000e8700000)
 ParOldGen       total 87552K, used 8795K [0x00000000a0000000, 0x00000000a5580000, 0x00000000e0000000)
  object space 87552K, 10% used [0x00000000a0000000,0x00000000a0896d30,0x00000000a5580000)
 Metaspace       used 20840K, capacity 21244K, committed 21248K, reserved 1067008K
  class space    used 2925K, capacity 3072K, committed 3072K, reserved 1048576K
Event: 2.758 GC heap after
Heap after GC invocations=5 (full 1):
 PSYoungGen      total 138240K, used 0K [0x00000000e0000000, 0x00000000e8c00000, 0x0000000100000000)
  eden space 133120K, 0% used [0x00000000e0000000,0x00000000e0000000,0x00000000e8200000)
  from space 5120K, 0% used [0x00000000e8700000,0x00000000e8700000,0x00000000e8c00000)
  to   space 5120K, 0% used [0x00000000e8200000,0x00000000e8200000,0x00000000e8700000)
 ParOldGen       total 59904K, used 8269K [0x00000000a0000000, 0x00000000a3a80000, 0x00000000e0000000)
  object space 59904K, 13% used [0x00000000a0000000,0x00000000a0813608,0x00000000a3a80000)
 Metaspace       used 20840K, capacity 21244K, committed 21248K, reserved 1067008K
  class space    used 2925K, capacity 3072K, committed 3072K, reserved 1048576K
}
Event: 4.249 GC heap before
{Heap before GC invocations=6 (full 1):
 PSYoungGen      total 138240K, used 133120K [0x00000000e0000000, 0x00000000e8c00000, 0x0000000100000000)
  eden space 133120K, 100% used [0x00000000e0000000,0x00000000e8200000,0x00000000e8200000)
  from space 5120K, 0% used [0x00000000e8700000,0x00000000e8700000,0x00000000e8c00000)
  to   space 5120K, 0% used [0x00000000e8200000,0x00000000e8200000,0x00000000e8700000)
 ParOldGen       total 59904K, used 8269K [0x00000000a0000000, 0x00000000a3a80000, 0x00000000e0000000)
  object space 59904K, 13% used [0x00000000a0000000,0x00000000a0813608,0x00000000a3a80000)
 Metaspace       used 29823K, capacity 30206K, committed 30464K, reserved 1075200K
  class space    used 4168K, capacity 4321K, committed 4352K, reserved 1048576K
Event: 4.280 GC heap after
Heap after GC invocations=6 (full 1):
 PSYoungGen      total 138240K, used 5088K [0x00000000e0000000, 0x00000000ef200000, 0x0000000100000000)
  eden space 133120K, 0% used [0x00000000e0000000,0x00000000e0000000,0x00000000e8200000)
  from space 5120K, 99% used [0x00000000e8200000,0x00000000e86f8020,0x00000000e8700000)
  to   space 14336K, 0% used [0x00000000ee400000,0x00000000ee400000,0x00000000ef200000)
 ParOldGen       total 59904K, used 15664K [0x00000000a0000000, 0x00000000a3a80000, 0x00000000e0000000)
  object space 59904K, 26% used [0x00000000a0000000,0x00000000a0f4c208,0x00000000a3a80000)
 Metaspace       used 29823K, capacity 30206K, committed 30464K, reserved 1075200K
  class space    used 4168K, capacity 4321K, committed 4352K, reserved 1048576K
}
Event: 4.697 GC heap before
{Heap before GC invocations=7 (full 1):
 PSYoungGen      total 138240K, used 36256K [0x00000000e0000000, 0x00000000ef200000, 0x0000000100000000)
  eden space 133120K, 23% used [0x00000000e0000000,0x00000000e1e702e8,0x00000000e8200000)
  from space 5120K, 99% used [0x00000000e8200000,0x00000000e86f8020,0x00000000e8700000)
  to   space 14336K, 0% used [0x00000000ee400000,0x00000000ee400000,0x00000000ef200000)
 ParOldGen       total 59904K, used 15664K [0x00000000a0000000, 0x00000000a3a80000, 0x00000000e0000000)
  object space 59904K, 26% used [0x00000000a0000000,0x00000000a0f4c208,0x00000000a3a80000)
 Metaspace       used 34735K, capacity 35308K, committed 35416K, reserved 1079296K
  class space    used 4810K, capacity 5026K, committed 5120K, reserved 1048576K
Event: 4.705 GC heap after
Heap after GC invocations=7 (full 1):
 PSYoungGen      total 232448K, used 9229K [0x00000000e0000000, 0x00000000ef100000, 0x0000000100000000)
  eden space 219136K, 0% used [0x00000000e0000000,0x00000000e0000000,0x00000000ed600000)
  from space 13312K, 69% used [0x00000000ee400000,0x00000000eed03638,0x00000000ef100000)
  to   space 13824K, 0% used [0x00000000ed600000,0x00000000ed600000,0x00000000ee380000)
 ParOldGen       total 59904K, used 15672K [0x00000000a0000000, 0x00000000a3a80000, 0x00000000e0000000)
  object space 59904K, 26% used [0x00000000a0000000,0x00000000a0f4e208,0x00000000a3a80000)
 Metaspace       used 34735K, capacity 35308K, committed 35416K, reserved 1079296K
  class space    used 4810K, capacity 5026K, committed 5120K, reserved 1048576K
}
Event: 4.705 GC heap before
{Heap before GC invocations=8 (full 2):
 PSYoungGen      total 232448K, used 9229K [0x00000000e0000000, 0x00000000ef100000, 0x0000000100000000)
  eden space 219136K, 0% used [0x00000000e0000000,0x00000000e0000000,0x00000000ed600000)
  from space 13312K, 69% used [0x00000000ee400000,0x00000000eed03638,0x00000000ef100000)
  to   space 13824K, 0% used [0x00000000ed600000,0x00000000ed600000,0x00000000ee380000)
 ParOldGen       total 59904K, used 15672K [0x00000000a0000000, 0x00000000a3a80000, 0x00000000e0000000)
  object space 59904K, 26% used [0x00000000a0000000,0x00000000a0f4e208,0x00000000a3a80000)
 Metaspace       used 34735K, capacity 35308K, committed 35416K, reserved 1079296K
  class space    used 4810K, capacity 5026K, committed 5120K, reserved 1048576K
Event: 4.799 GC heap after
Heap after GC invocations=8 (full 2):
 PSYoungGen      total 232448K, used 0K [0x00000000e0000000, 0x00000000ef100000, 0x0000000100000000)
  eden space 219136K, 0% used [0x00000000e0000000,0x00000000e0000000,0x00000000ed600000)
  from space 13312K, 0% used [0x00000000ee400000,0x00000000ee400000,0x00000000ef100000)
  to   space 13824K, 0% used [0x00000000ed600000,0x00000000ed600000,0x00000000ee380000)
 ParOldGen       total 97792K, used 15950K [0x00000000a0000000, 0x00000000a5f80000, 0x00000000e0000000)
  object space 97792K, 16% used [0x00000000a0000000,0x00000000a0f93998,0x00000000a5f80000)
 Metaspace       used 34735K, capacity 35308K, committed 35416K, reserved 1079296K
  class space    used 4810K, capacity 5026K, committed 5120K, reserved 1048576K
}
Event: 7.077 GC heap before
{Heap before GC invocations=9 (full 2):
 PSYoungGen      total 232448K, used 219136K [0x00000000e0000000, 0x00000000ef100000, 0x0000000100000000)
  eden space 219136K, 100% used [0x00000000e0000000,0x00000000ed600000,0x00000000ed600000)
  from space 13312K, 0% used [0x00000000ee400000,0x00000000ee400000,0x00000000ef100000)
  to   space 13824K, 0% used [0x00000000ed600000,0x00000000ed600000,0x00000000ee380000)
 ParOldGen       total 97792K, used 15950K [0x00000000a0000000, 0x00000000a5f80000, 0x00000000e0000000)
  object space 97792K, 16% used [0x00000000a0000000,0x00000000a0f93998,0x00000000a5f80000)
 Metaspace       used 52154K, capacity 53520K, committed 53632K, reserved 1095680K
  class space    used 7095K, capacity 7491K, committed 7552K, reserved 1048576K
Event: 7.109 GC heap after
Heap after GC invocations=9 (full 2):
 PSYoungGen      total 232960K, used 13809K [0x00000000e0000000, 0x00000000ef100000, 0x0000000100000000)
  eden space 219136K, 0% used [0x00000000e0000000,0x00000000e0000000,0x00000000ed600000)
  from space 13824K, 99% used [0x00000000ed600000,0x00000000ee37c728,0x00000000ee380000)
  to   space 13312K, 0% used [0x00000000ee400000,0x00000000ee400000,0x00000000ef100000)
 ParOldGen       total 97792K, used 25662K [0x00000000a0000000, 0x00000000a5f80000, 0x00000000e0000000)
  object space 97792K, 26% used [0x00000000a0000000,0x00000000a190fbc0,0x00000000a5f80000)
 Metaspace       used 52154K, capacity 53520K, committed 53632K, reserved 1095680K
  class space    used 7095K, capacity 7491K, committed 7552K, reserved 1048576K
}

Deoptimization events (10 events):
Event: 7.962 Thread 0x000000005daa7800 Uncommon trap: reason=unstable_if action=reinterpret pc=0x0000000009715790 method=java.util.regex.Pattern$Curly.match0(Ljava/util/regex/Matcher;IILjava/lang/CharSequence;)Z @ 5
Event: 8.120 Thread 0x000000005a433800 Uncommon trap: reason=unstable_if action=reinterpret pc=0x000000000942495c method=java.lang.String.regionMatches(ZILjava/lang/String;II)Z @ 123
Event: 8.120 Thread 0x000000005a433800 Uncommon trap: reason=unstable_if action=reinterpret pc=0x0000000008b4c420 method=java.lang.String.regionMatches(ZILjava/lang/String;II)Z @ 123
Event: 8.120 Thread 0x000000005a433800 Uncommon trap: reason=unstable_if action=reinterpret pc=0x0000000008ede3c0 method=java.lang.String.regionMatches(ZILjava/lang/String;II)Z @ 123
Event: 8.134 Thread 0x000000005a433800 Uncommon trap: reason=class_check action=maybe_recompile pc=0x0000000008c98734 method=java.io.ObjectOutputStream$BlockDataOutputStream.drain()V @ 36
Event: 8.137 Thread 0x000000005a433800 Uncommon trap: reason=class_check action=maybe_recompile pc=0x0000000008c98734 method=java.io.ObjectOutputStream$BlockDataOutputStream.drain()V @ 36
Event: 8.137 Thread 0x000000005a433800 Uncommon trap: reason=class_check action=maybe_recompile pc=0x0000000008c98734 method=java.io.ObjectOutputStream$BlockDataOutputStream.drain()V @ 36
Event: 8.137 Thread 0x000000005a433800 Uncommon trap: reason=class_check action=maybe_recompile pc=0x0000000008f64ecc method=java.io.ObjectOutputStream$BlockDataOutputStream.drain()V @ 36
Event: 8.140 Thread 0x000000005a433800 Uncommon trap: reason=class_check action=maybe_recompile pc=0x0000000008c98734 method=java.io.ObjectOutputStream$BlockDataOutputStream.drain()V @ 36
Event: 8.169 Thread 0x000000005daa7800 Uncommon trap: reason=bimorphic action=maybe_recompile pc=0x000000000903e6c4 method=java.io.BufferedInputStream.read1([BII)I @ 39

Classes redefined (0 events):
No events

Internal exceptions (10 events):
Event: 7.576 Thread 0x000000005a433800 Exception <a 'java/lang/NoSuchMethodError': <clinit>> (0x00000000e2d21108) thrown at [D:\src\AOSP-openjdk-cygwin\jdk8u\hotspot\src\share\vm\prims\jni.cpp, line 1613]
Event: 7.604 Thread 0x000000005a433800 Exception <a 'java/lang/NoSuchMethodError': <clinit>> (0x00000000e2eca930) thrown at [D:\src\AOSP-openjdk-cygwin\jdk8u\hotspot\src\share\vm\prims\jni.cpp, line 1613]
Event: 7.605 Thread 0x000000005a433800 Exception <a 'java/lang/NoSuchMethodError': <clinit>> (0x00000000e2edd838) thrown at [D:\src\AOSP-openjdk-cygwin\jdk8u\hotspot\src\share\vm\prims\jni.cpp, line 1613]
Event: 7.605 Thread 0x000000005a433800 Exception <a 'java/lang/NoSuchMethodError': <clinit>> (0x00000000e2edf0e8) thrown at [D:\src\AOSP-openjdk-cygwin\jdk8u\hotspot\src\share\vm\prims\jni.cpp, line 1613]
Event: 7.636 Thread 0x000000005a433800 Implicit null exception at 0x0000000008cfa70e to 0x0000000008cfac4d
Event: 8.053 Thread 0x000000005a433800 Exception <a 'java/lang/NoSuchMethodError': <clinit>> (0x00000000e4be5da8) thrown at [D:\src\AOSP-openjdk-cygwin\jdk8u\hotspot\src\share\vm\prims\jni.cpp, line 1613]
Event: 8.137 Thread 0x000000005a433800 Exception <a 'java/lang/NoSuchMethodError': <clinit>> (0x00000000e4d0d180) thrown at [D:\src\AOSP-openjdk-cygwin\jdk8u\hotspot\src\share\vm\prims\jni.cpp, line 1613]
Event: 8.137 Thread 0x000000005a433800 Exception <a 'java/lang/NoSuchMethodError': <clinit>> (0x00000000e4d16cb0) thrown at [D:\src\AOSP-openjdk-cygwin\jdk8u\hotspot\src\share\vm\prims\jni.cpp, line 1613]
Event: 8.141 Thread 0x000000005a433800 Exception <a 'java/lang/NoSuchMethodError': <clinit>> (0x00000000e4d2cf90) thrown at [D:\src\AOSP-openjdk-cygwin\jdk8u\hotspot\src\share\vm\prims\jni.cpp, line 1613]
Event: 8.143 Thread 0x000000005a433800 Exception <a 'java/lang/NoSuchMethodError': <clinit>> (0x00000000e4d38408) thrown at [D:\src\AOSP-openjdk-cygwin\jdk8u\hotspot\src\share\vm\prims\jni.cpp, line 1613]

Events (10 events):
Event: 8.167 loading class com/android/build/gradle/tasks/MergeResources$Flag done
Event: 8.169 Thread 0x000000005daa7800 Uncommon trap: trap_request=0xffffffc6 fr.pc=0x000000000903e6c4
Event: 8.169 Executing VM operation: RevokeBias
Event: 8.169 Executing VM operation: RevokeBias done
Event: 8.169 Thread 0x000000005daa7800 DEOPT PACKING pc=0x000000000903e6c4 sp=0x0000000064e6e580
Event: 8.169 Thread 0x000000005daa7800 DEOPT UNPACKING pc=0x00000000087a557b sp=0x0000000064e6e4a0 mode 2
Event: 8.170 loading class org/gradle/api/internal/changedetection/state/DefaultNormalizedFileSnapshot
Event: 8.170 loading class org/gradle/api/internal/changedetection/state/DefaultNormalizedFileSnapshot done
Event: 8.175 loading class org/gradle/api/internal/changedetection/state/SetValueSnapshot
Event: 8.175 loading class org/gradle/api/internal/changedetection/state/SetValueSnapshot done


Dynamic libraries:
0x000000013f1c0000 - 0x000000013f1f1000 	C:\Program Files\Android\Android Studio\jre\bin\java.exe
0x0000000077a00000 - 0x0000000077b9f000 	C:\Windows\SYSTEM32\ntdll.dll
0x00000000777e0000 - 0x00000000778ff000 	C:\Windows\system32\kernel32.dll
0x000007fefd790000 - 0x000007fefd7fa000 	C:\Windows\system32\KERNELBASE.dll
0x000007fefee30000 - 0x000007fefef0b000 	C:\Windows\system32\ADVAPI32.dll
0x000007fefed90000 - 0x000007fefee2f000 	C:\Windows\system32\msvcrt.dll
0x000007fefdc30000 - 0x000007fefdc4f000 	C:\Windows\SYSTEM32\sechost.dll
0x000007fefe1d0000 - 0x000007fefe2fd000 	C:\Windows\system32\RPCRT4.dll
0x0000000077900000 - 0x00000000779fa000 	C:\Windows\system32\USER32.dll
0x000007fefeaf0000 - 0x000007fefeb57000 	C:\Windows\system32\GDI32.dll
0x000007fefe7e0000 - 0x000007fefe7ee000 	C:\Windows\system32\LPK.dll
0x000007fefe420000 - 0x000007fefe4eb000 	C:\Windows\system32\USP10.dll
0x000007fefb2b0000 - 0x000007fefb4a4000 	C:\Windows\WinSxS\amd64_microsoft.windows.common-controls_6595b64144ccf1df_6.0.7601.18837_none_fa3b1e3d17594757\COMCTL32.dll
0x000007fefe300000 - 0x000007fefe371000 	C:\Windows\system32\SHLWAPI.dll
0x000007fefe0b0000 - 0x000007fefe0de000 	C:\Windows\system32\IMM32.DLL
0x000007fefe6d0000 - 0x000007fefe7d9000 	C:\Windows\system32\MSCTF.dll
0x000007fefd4e0000 - 0x000007fefd510000 	C:\Windows\system32\nvinitx.dll
0x000007fefd4d0000 - 0x000007fefd4dc000 	C:\Windows\system32\VERSION.dll
0x0000000071080000 - 0x0000000071086000 	C:\Program Files\NVIDIA Corporation\CoProcManager\detoured.dll
0x000007fee4440000 - 0x000007fee4478000 	C:\Program Files\NVIDIA Corporation\CoProcManager\nvd3d9wrapx.dll
0x000007fefe4f0000 - 0x000007fefe6c7000 	C:\Windows\system32\SETUPAPI.dll
0x000007fefd5e0000 - 0x000007fefd616000 	C:\Windows\system32\CFGMGR32.dll
0x000007fefe7f0000 - 0x000007fefe8ca000 	C:\Windows\system32\OLEAUT32.dll
0x000007fefe8f0000 - 0x000007fefeaed000 	C:\Windows\system32\ole32.dll
0x000007fefd8d0000 - 0x000007fefd8ea000 	C:\Windows\system32\DEVOBJ.dll
0x000007fee4410000 - 0x000007fee4434000 	C:\Program Files\NVIDIA Corporation\CoProcManager\nvdxgiwrapx.dll
0x0000000064870000 - 0x0000000064942000 	C:\Program Files\Android\Android Studio\jre\jre\bin\msvcr100.dll
0x0000000007f10000 - 0x0000000008751000 	C:\Program Files\Android\Android Studio\jre\jre\bin\server\jvm.dll
0x000007fef7a40000 - 0x000007fef7a49000 	C:\Windows\system32\WSOCK32.dll
0x000007feffca0000 - 0x000007feffced000 	C:\Windows\system32\WS2_32.dll
0x000007fefe160000 - 0x000007fefe168000 	C:\Windows\system32\NSI.dll
0x000007fefaea0000 - 0x000007fefaedb000 	C:\Windows\system32\WINMM.dll
0x0000000077bb0000 - 0x0000000077bb7000 	C:\Windows\system32\PSAPI.DLL
0x000007fefabd0000 - 0x000007fefabdf000 	C:\Program Files\Android\Android Studio\jre\jre\bin\verify.dll
0x000007fefa640000 - 0x000007fefa669000 	C:\Program Files\Android\Android Studio\jre\jre\bin\java.dll
0x000007fefa530000 - 0x000007fefa546000 	C:\Program Files\Android\Android Studio\jre\jre\bin\zip.dll
0x000007fefef10000 - 0x000007feffc9a000 	C:\Windows\system32\SHELL32.dll
0x000007fefd5b0000 - 0x000007fefd5bf000 	C:\Windows\system32\profapi.dll
0x000007fefbbf0000 - 0x000007fefbc0a000 	C:\Program Files\Android\Android Studio\jre\jre\bin\net.dll
0x000007fefccf0000 - 0x000007fefcd45000 	C:\Windows\system32\mswsock.dll
0x000007fefce70000 - 0x000007fefce77000 	C:\Windows\System32\wship6.dll
0x000007fefa420000 - 0x000007fefa431000 	C:\Program Files\Android\Android Studio\jre\jre\bin\nio.dll
0x000007fefa6e0000 - 0x000007fefa6fe000 	C:\Users\Ah\.gradle\native\25\windows-amd64\native-platform.dll
0x000007fefa690000 - 0x000007fefa69d000 	C:\Program Files\Android\Android Studio\jre\jre\bin\management.dll
0x000007fefcf80000 - 0x000007fefcf98000 	C:\Windows\system32\CRYPTSP.dll
0x000007fefca40000 - 0x000007fefca87000 	C:\Windows\system32\rsaenh.dll
0x000007fefd8b0000 - 0x000007fefd8ce000 	C:\Windows\system32\USERENV.dll
0x000007fefd400000 - 0x000007fefd40f000 	C:\Windows\system32\CRYPTBASE.dll
0x000007fefa7c0000 - 0x000007fefa7e7000 	C:\Windows\system32\IPHLPAPI.DLL
0x000007fefa7b0000 - 0x000007fefa7bb000 	C:\Windows\system32\WINNSI.DLL
0x000007fef9d90000 - 0x000007fef9da1000 	C:\Windows\system32\dhcpcsvc6.DLL
0x000007fef9d70000 - 0x000007fef9d88000 	C:\Windows\system32\dhcpcsvc.DLL

VM Arguments:
jvm_args: -Xmx1536m -Dfile.encoding=windows-1252 -Duser.country=US -Duser.language=en -Duser.variant 
java_command: org.gradle.launcher.daemon.bootstrap.GradleDaemon 4.6
java_class_path (initial): C:\Users\Ah\.gradle\wrapper\dists\gradle-4.6-all\bcst21l2brirad8k2ben1letg\gradle-4.6\lib\gradle-launcher-4.6.jar
Launcher Type: SUN_STANDARD

Environment Variables:
JAVA_HOME=C:\Program Files\Java\jdk1.8.0_161
PATH=C:\Program Files (x86)\Common Files\Oracle\Java\javapath;C:\oraclexe\app\oracle\product\11.2.0\server\bin;C:\ProgramData\Oracle\Java\javapath;C:\Program Files\Common Files\Microsoft Shared\Windows Live;C:\Program Files (x86)\Common Files\Microsoft Shared\Windows Live;C:\Program Files (x86)\Intel\iCLS Client\;C:\Program Files\Intel\iCLS Client\;C:\Windows\system32;C:\Windows;C:\Windows\System32\Wbem;C:\Windows\System32\WindowsPowerShell\v1.0\;C:\Program Files\Intel\Intel(R) Management Engine Components\DAL;C:\Program Files\Intel\Intel(R) Management Engine Components\IPT;C:\Program Files (x86)\Intel\Intel(R) Management Engine Components\DAL;C:\Program Files (x86)\Intel\Intel(R) Management Engine Components\IPT;C:\Program Files\Intel\WiFi\bin\;C:\Program Files\Common Files\Intel\WirelessCommon\;C:\Program Files (x86)\Windows Live\Shared;C:\Program Files (x86)\NVIDIA Corporation\PhysX\Common;%JAVA_HOME%\bin;C:\Program Files\Microsoft SQL Server\Client SDK\ODBC\110\Tools\Binn\;C:\Program Files (x86)\Microsoft SQL Server\120\Tools\Binn\;C:\Program Files\Microsoft SQL Server\120\Tools\Binn\;C:\Program Files\Microsoft SQL Server\120\DTS\Binn\;C:\Program Files (x86)\Microsoft SQL Server\120\Tools\Binn\ManagementStudio\;C:\Program Files (x86)\Microsoft SQL Server\120\DTS\Binn\;C:\Program Files\Git\cmd;C:\Android;C:\Users\Ah\AppData\Local\Programs\Python\Python37-32\Scripts\;C:\Users\Ah\AppData\Local\Programs\Python\Python37-32\
USERNAME=Ah
OS=Windows_NT
PROCESSOR_IDENTIFIER=Intel64 Family 6 Model 60 Stepping 3, GenuineIntel



---------------  S Y S T E M  ---------------

OS: Windows 7 , 64 bit Build 7601 (6.1.7601.24231)

CPU:total 8 (initial active 8) (4 cores per cpu, 2 threads per core) family 6 model 60 stepping 3, cmov, cx8, fxsr, mmx, sse, sse2, sse3, ssse3, sse4.1, sse4.2, popcnt, avx, avx2, aes, clmul, erms, lzcnt, ht, tsc, tscinvbit, bmi1, bmi2

Memory: 4k page, physical 8305236k(954992k free), swap 9351916k(5836k free)

vm_info: OpenJDK 64-Bit Server VM (25.152-b06) for windows-amd64 JRE (1.8.0_152-release-1136-b06), built by "builder" with MS VC++ 10.0 (VS2010)

time: Thu Oct 11 09:47:34 2018
elapsed time: 8 seconds (0d 0h 0m 8s)

